<?xml version="1.0" encoding="UTF-8"?>
<testsuite xmlns:xsi="http://www.w3.org/2001/XMLSchema-instance" xsi:noNamespaceSchemaLocation="https://maven.apache.org/surefire/maven-surefire-plugin/xsd/surefire-test-report-3.0.xsd" version="3.0" name="org.yourcompany.yourproject.PedidoTest" time="5.174" tests="5" errors="0" skipped="0" failures="0">
  <properties>
[...]
</properties>
  <testcase name="testPedidoUrgentePrioridad" classname="org.yourcompany.yourproject.PedidoTest" time="0.036"/>
  <testcase name="testProcesarPago" classname="org.yourcompany.yourproject.PedidoTest" time="1.008">
    <system-out><![CDATA[Procesando pago para Pedido1
]]></system-out>
  </testcase>
  <testcase name="testEmpaquetarPedido" classname="org.yourcompany.yourproject.PedidoTest" time="0.517">
    <system-out><![CDATA[Empaquetando Pedido2
Imprimiendo etiquetas para Pedido2
]]></system-out>
  </testcase>
  <testcase name="testEnviarPedido" classname="org.yourcompany.yourproject.PedidoTest" time="1.005">
    <system-out><![CDATA[Enviando Pedido3
]]></system-out>
  </testcase>
  <testcase name="testProcesarPedidos" classname="org.yourcompany.yourproject.PedidoTest" time="2.572">
    <system-out><![CDATA[Procesando pago para Pedido2
Procesando pago para Pedido1
Empaquetando Pedido2
Empaquetando Pedido1
Imprimiendo etiquetas para Pedido1
Imprimiendo etiquetas para Pedido2
Enviando Pedido1
Enviando Pedido2
]]></system-out>
  </testcase>
</testsuite>